<?xml version="1.0" encoding="UTF-8"?>
<!-- Generated by org.testng.reporters.JUnitReportReporter -->
<testsuite skipped="0" hostname="Shubham" name="PostData.data" tests="1" failures="0" timestamp="2020-08-16T11:21:17 IST" time="3.859" errors="0">
  <testcase name="test1" time="3.859" classname="PostData.data"/>
  <system-out/>
</testsuite> <!-- PostData.data -->
