<?xml version="1.0" encoding="UTF-8"?>
<!-- Generated by org.testng.reporters.JUnitReportReporter -->
<testsuite skipped="0" hostname="Shubham" name="GetData.data" tests="2" failures="0" timestamp="2020-08-14T12:39:49 IST" time="5.026" errors="0">
  <testcase name="testResponseCode" time="3.671" classname="GetData.data"/>
  <system-out/>
  <testcase name="testBody" time="1.355" classname="GetData.data"/>
  <system-out/>
</testsuite> <!-- GetData.data -->
