<?xml version="1.0" encoding="UTF-8"?>
<!-- Generated by org.testng.reporters.JUnitReportReporter -->
<testsuite skipped="0" hostname="Shubham" name="PutData.put" tests="1" failures="0" timestamp="2020-08-16T12:01:28 IST" time="4.189" errors="0">
  <testcase name="modifydata" time="4.189" classname="PutData.put"/>
  <system-out/>
</testsuite> <!-- PutData.put -->
